<?xml version="1.0" encoding="UTF-8"?>
<coverage generated="1615955108429" clover="3.2.0">
  <project timestamp="1615955108429" name="All files">
    <metrics statements="19" coveredstatements="19" conditionals="18" coveredconditionals="15" methods="2" coveredmethods="2" elements="39" coveredelements="36" complexity="0" loc="19" ncloc="19" packages="1" files="2" classes="2"/>
    <file name="Funcionario.js" path="C:\Users\Heloisa Soares\Documents\Atividade-7\lib\Funcionario.js">
      <metrics statements="2" coveredstatements="2" conditionals="2" coveredconditionals="0" methods="1" coveredmethods="1"/>
      <line num="4" count="1" type="cond" truecount="0" falsecount="2"/>
      <line num="5" count="8" type="stmt"/>
    </file>
    <file name="calculadora.js" path="C:\Users\Heloisa Soares\Documents\Atividade-7\lib\calculadora.js">
      <metrics statements="17" coveredstatements="17" conditionals="16" coveredconditionals="15" methods="1" coveredmethods="1"/>
      <line num="2" count="1" type="stmt"/>
      <line num="4" count="8" type="cond" truecount="2" falsecount="0"/>
      <line num="5" count="2" type="cond" truecount="2" falsecount="0"/>
      <line num="6" count="1" type="stmt"/>
      <line num="9" count="1" type="stmt"/>
      <line num="12" count="6" type="cond" truecount="2" falsecount="0"/>
      <line num="13" count="2" type="cond" truecount="2" falsecount="0"/>
      <line num="14" count="1" type="stmt"/>
      <line num="17" count="1" type="stmt"/>
      <line num="20" count="4" type="cond" truecount="2" falsecount="0"/>
      <line num="21" count="2" type="cond" truecount="2" falsecount="0"/>
      <line num="22" count="1" type="stmt"/>
      <line num="25" count="1" type="stmt"/>
      <line num="28" count="2" type="cond" truecount="1" falsecount="1"/>
      <line num="29" count="2" type="cond" truecount="2" falsecount="0"/>
      <line num="30" count="1" type="stmt"/>
      <line num="33" count="1" type="stmt"/>
    </file>
  </project>
</coverage>
