{"C:\\Users\\Heloisa Soares\\Documents\\Atividade-7\\lib\\Funcionario.js": {"path":"C:\\Users\\Heloisa Soares\\Documents\\Atividade-7\\lib\\Funcionario.js","statementMap":{"0":{"start":{"line":4,"column":20},"end":{"line":11,"column":1}},"1":{"start":{"line":5,"column":4},"end":{"line":10,"column":5}}},"fnMap":{"0":{"name":"(anonymous_0)","decl":{"start":{"line":4,"column":20},"end":{"line":4,"column":21}},"loc":{"start":{"line":4,"column":56},"end":{"line":11,"column":1}},"line":4}},"branchMap":{"0":{"loc":{"start":{"line":4,"column":22},"end":{"line":4,"column":39}},"type":"default-arg","locations":[{"start":{"line":4,"column":36},"end":{"line":4,"column":39}}],"line":4},"1":{"loc":{"start":{"line":4,"column":41},"end":{"line":4,"column":51}},"type":"default-arg","locations":[{"start":{"line":4,"column":49},"end":{"line":4,"column":51}}],"line":4}},"s":{"0":1,"1":8},"f":{"0":8},"b":{"0":[0],"1":[0]},"_coverageSchema":"43e27e138ebf9cfc5966b082cf9a028302ed4184","hash":"a6e98745b154db137ca12278975bafc073a25beb"}
,"C:\\Users\\Heloisa Soares\\Documents\\Atividade-7\\lib\\calculadora.js": {"path":"C:\\Users\\Heloisa Soares\\Documents\\Atividade-7\\lib\\calculadora.js","statementMap":{"0":{"start":{"line":2,"column":24},"end":{"line":35,"column":1}},"1":{"start":{"line":4,"column":4},"end":{"line":10,"column":5}},"2":{"start":{"line":5,"column":8},"end":{"line":7,"column":9}},"3":{"start":{"line":6,"column":12},"end":{"line":6,"column":77}},"4":{"start":{"line":9,"column":8},"end":{"line":9,"column":73}},"5":{"start":{"line":12,"column":4},"end":{"line":18,"column":5}},"6":{"start":{"line":13,"column":8},"end":{"line":15,"column":9}},"7":{"start":{"line":14,"column":12},"end":{"line":14,"column":77}},"8":{"start":{"line":17,"column":8},"end":{"line":17,"column":73}},"9":{"start":{"line":20,"column":4},"end":{"line":26,"column":5}},"10":{"start":{"line":21,"column":8},"end":{"line":23,"column":9}},"11":{"start":{"line":22,"column":12},"end":{"line":22,"column":77}},"12":{"start":{"line":25,"column":8},"end":{"line":25,"column":73}},"13":{"start":{"line":28,"column":4},"end":{"line":34,"column":5}},"14":{"start":{"line":29,"column":8},"end":{"line":31,"column":9}},"15":{"start":{"line":30,"column":12},"end":{"line":30,"column":77}},"16":{"start":{"line":33,"column":8},"end":{"line":33,"column":74}}},"fnMap":{"0":{"name":"(anonymous_0)","decl":{"start":{"line":2,"column":24},"end":{"line":2,"column":25}},"loc":{"start":{"line":2,"column":41},"end":{"line":35,"column":1}},"line":2}},"branchMap":{"0":{"loc":{"start":{"line":4,"column":4},"end":{"line":10,"column":5}},"type":"if","locations":[{"start":{"line":4,"column":4},"end":{"line":10,"column":5}},{"start":{"line":4,"column":4},"end":{"line":10,"column":5}}],"line":4},"1":{"loc":{"start":{"line":5,"column":8},"end":{"line":7,"column":9}},"type":"if","locations":[{"start":{"line":5,"column":8},"end":{"line":7,"column":9}},{"start":{"line":5,"column":8},"end":{"line":7,"column":9}}],"line":5},"2":{"loc":{"start":{"line":12,"column":4},"end":{"line":18,"column":5}},"type":"if","locations":[{"start":{"line":12,"column":4},"end":{"line":18,"column":5}},{"start":{"line":12,"column":4},"end":{"line":18,"column":5}}],"line":12},"3":{"loc":{"start":{"line":13,"column":8},"end":{"line":15,"column":9}},"type":"if","locations":[{"start":{"line":13,"column":8},"end":{"line":15,"column":9}},{"start":{"line":13,"column":8},"end":{"line":15,"column":9}}],"line":13},"4":{"loc":{"start":{"line":20,"column":4},"end":{"line":26,"column":5}},"type":"if","locations":[{"start":{"line":20,"column":4},"end":{"line":26,"column":5}},{"start":{"line":20,"column":4},"end":{"line":26,"column":5}}],"line":20},"5":{"loc":{"start":{"line":21,"column":8},"end":{"line":23,"column":9}},"type":"if","locations":[{"start":{"line":21,"column":8},"end":{"line":23,"column":9}},{"start":{"line":21,"column":8},"end":{"line":23,"column":9}}],"line":21},"6":{"loc":{"start":{"line":28,"column":4},"end":{"line":34,"column":5}},"type":"if","locations":[{"start":{"line":28,"column":4},"end":{"line":34,"column":5}},{"start":{"line":28,"column":4},"end":{"line":34,"column":5}}],"line":28},"7":{"loc":{"start":{"line":29,"column":8},"end":{"line":31,"column":9}},"type":"if","locations":[{"start":{"line":29,"column":8},"end":{"line":31,"column":9}},{"start":{"line":29,"column":8},"end":{"line":31,"column":9}}],"line":29}},"s":{"0":1,"1":8,"2":2,"3":1,"4":1,"5":6,"6":2,"7":1,"8":1,"9":4,"10":2,"11":1,"12":1,"13":2,"14":2,"15":1,"16":1},"f":{"0":8},"b":{"0":[2,6],"1":[1,1],"2":[2,4],"3":[1,1],"4":[2,2],"5":[1,1],"6":[2,0],"7":[1,1]},"_coverageSchema":"43e27e138ebf9cfc5966b082cf9a028302ed4184","hash":"3aacf2692f980f9712c2e24214d15c76f5b12de2"}
}
