TN:
SF:C:\Users\Heloisa Soares\Documents\Atividade-7\lib\Funcionario.js
FN:4,(anonymous_0)
FNF:1
FNH:1
FNDA:8,(anonymous_0)
DA:4,1
DA:5,8
LF:2
LH:2
BRDA:4,0,0,0
BRDA:4,1,0,0
BRF:2
BRH:0
end_of_record
TN:
SF:C:\Users\Heloisa Soares\Documents\Atividade-7\lib\calculadora.js
FN:2,(anonymous_0)
FNF:1
FNH:1
FNDA:8,(anonymous_0)
DA:2,1
DA:4,8
DA:5,2
DA:6,1
DA:9,1
DA:12,6
DA:13,2
DA:14,1
DA:17,1
DA:20,4
DA:21,2
DA:22,1
DA:25,1
DA:28,2
DA:29,2
DA:30,1
DA:33,1
LF:17
LH:17
BRDA:4,0,0,2
BRDA:4,0,1,6
BRDA:5,1,0,1
BRDA:5,1,1,1
BRDA:12,2,0,2
BRDA:12,2,1,4
BRDA:13,3,0,1
BRDA:13,3,1,1
BRDA:20,4,0,2
BRDA:20,4,1,2
BRDA:21,5,0,1
BRDA:21,5,1,1
BRDA:28,6,0,2
BRDA:28,6,1,0
BRDA:29,7,0,1
BRDA:29,7,1,1
BRF:16
BRH:15
end_of_record
